[27-Nov-2024 09:26:57 UTC] PHP Fatal error:  Uncaught Error: Call to undefined function dd() in C:\Users\vence\Local Sites\fictional-university\app\public\wp-content\themes\fitional-university-theme\index.php:3
Stack trace:
#0 C:\Users\vence\Local Sites\fictional-university\app\public\wp-includes\template-loader.php(106): include()
#1 C:\Users\vence\Local Sites\fictional-university\app\public\wp-blog-header.php(19): require_once('C:\\Users\\vence\\...')
#2 C:\Users\vence\Local Sites\fictional-university\app\public\index.php(17): require('C:\\Users\\vence\\...')
#3 {main}
  thrown in C:\Users\vence\Local Sites\fictional-university\app\public\wp-content\themes\fitional-university-theme\index.php on line 3
[28-Nov-2024 11:02:58 UTC] PHP Warning:  Attempt to read property "title" on null in C:\Users\vence\Local Sites\fictional-university\app\public\wp-includes\class-wp-customize-widgets.php on line 923
[28-Nov-2024 13:16:03 UTC] PHP Fatal error:  Uncaught ArgumentCountError: Too few arguments to function register_nav_menu(), 1 passed in C:\Users\vence\Local Sites\fictional-university\app\public\wp-content\themes\fitional-university-theme\functions.php on line 16 and exactly 2 expected in C:\Users\vence\Local Sites\fictional-university\app\public\wp-includes\nav-menu.php:136
Stack trace:
#0 C:\Users\vence\Local Sites\fictional-university\app\public\wp-content\themes\fitional-university-theme\functions.php(16): register_nav_menu(Array)
#1 C:\Users\vence\Local Sites\fictional-university\app\public\wp-includes\class-wp-hook.php(324): university_features('')
#2 C:\Users\vence\Local Sites\fictional-university\app\public\wp-includes\class-wp-hook.php(348): WP_Hook->apply_filters(NULL, Array)
#3 C:\Users\vence\Local Sites\fictional-university\app\public\wp-includes\plugin.php(517): WP_Hook->do_action(Array)
#4 C:\Users\vence\Local Sites\fictional-university\app\public\wp-settings.php(682): do_action('after_setup_the...')
#5 C:\Users\vence\Local Sites\fictional-university\app\public\wp-config.php(103): require_once('C:\\Users\\vence\\...')
#6 C:\Users\vence\Local Sites\fictional-university\app\public\wp-load.php(50): require_once('C:\\Users\\vence\\...')
#7 C:\Users\vence\Local Sites\fictional-university\app\public\wp-admin\admin-ajax.php(22): require_once('C:\\Users\\vence\\...')
#8 {main}
  thrown in C:\Users\vence\Local Sites\fictional-university\app\public\wp-includes\nav-menu.php on line 136
[28-Nov-2024 13:23:05 UTC] PHP Parse error:  Unclosed '{' on line 19 in C:\Users\vence\Local Sites\fictional-university\app\public\wp-content\themes\fitional-university-theme\header.php on line 45
[28-Nov-2024 13:23:34 UTC] PHP Parse error:  syntax error, unexpected token "}" in C:\Users\vence\Local Sites\fictional-university\app\public\wp-content\themes\fitional-university-theme\header.php on line 24
